<?xml version="1.0" encoding="UTF-8"?>
<!-- Generated by org.testng.reporters.JUnitReportReporter -->
<testsuite hostname="Najeeb" failures="0" tests="1" name="testObjects.CreateAccountTest" time="10.224" errors="0" timestamp="2020-04-30T22:47:43 EDT" skipped="0">
  <testcase classname="testObjects.CreateAccountTest" name="homedepotCreateAccount" time="10.224"/>
  <system-out/>
</testsuite> <!-- testObjects.CreateAccountTest -->
