<?xml version="1.0" encoding="UTF-8"?>
<!-- Generated by org.testng.reporters.JUnitReportReporter -->
<testsuite hostname="Najeeb" failures="0" tests="2" name="testObjects.LoginTest" time="26.737" errors="0" timestamp="2020-04-30T22:47:43 EDT" skipped="0">
  <testcase classname="testObjects.LoginTest" name="testLogin" time="18.724"/>
  <system-out/>
  <testcase classname="testObjects.LoginTest" name="testLogin" time="8.013"/>
  <system-out/>
</testsuite> <!-- testObjects.LoginTest -->
