<?xml version="1.0" encoding="UTF-8"?>
<!-- Generated by org.testng.reporters.JUnitReportReporter -->
<testsuite hostname="Najeeb" failures="0" tests="1" name="testObjects.HomePage" time="0.986" errors="0" timestamp="2020-04-25T19:16:14 EDT" skipped="0">
  <testcase classname="testObjects.HomePage" name="basePageNavigation" time="0.986"/>
  <system-out/>
</testsuite> <!-- testObjects.HomePage -->
